<?xml version="1.0" encoding="UTF-8"?>
<testsuite name="com.shyam.ledgercore.replay.FullEventStreamReplayTest" tests="5" skipped="0" failures="0" errors="0" timestamp="2026-09-04T09:47:31.746Z" hostname="VIJAY" time="0.011">
  <properties/>
  <testcase name="criterion4_settlementWithUnknownAuthId_isRejected()" classname="com.shyam.ledgercore.replay.FullEventStreamReplayTest" time="0.002"/>
  <testcase name="criterion5_activeHold_reducesAvailableBalance_notLedgerBalance()" classname="com.shyam.ledgercore.replay.FullEventStreamReplayTest" time="0.001"/>
  <testcase name="criterion3_day4SettlementOfAuthA_isAccepted()" classname="com.shyam.ledgercore.replay.FullEventStreamReplayTest" time="0.002"/>
  <testcase name="criterion8_interestReconciliation_neverThrowsForResolvedDesign()" classname="com.shyam.ledgercore.replay.FullEventStreamReplayTest" time="0.002"/>
  <testcase name="criterion7_bhdInstalments_sumToExactlyTenThousand()" classname="com.shyam.ledgercore.replay.FullEventStreamReplayTest" time="0.001"/>
  <system-out><![CDATA[ERROR: E6 rejected — no active authorization for Auth-Z
ERROR: E8 rejected — insufficient available balance
ERROR: E6 rejected — no active authorization for Auth-Z
ERROR: E8 rejected — insufficient available balance
ERROR: E6 rejected — no active authorization for Auth-Z
ERROR: E8 rejected — insufficient available balance
]]></system-out>
  <system-err><![CDATA[]]></system-err>
</testsuite>
