<?xml version="1.0" encoding="UTF-8"?>
<testsuite name="com.shyam.ledgercore.engine.SettlementHandlerTest" tests="4" skipped="0" failures="0" errors="0" timestamp="2026-09-04T09:47:31.732Z" hostname="VIJAY" time="0.006">
  <properties/>
  <testcase name="isValidSettlement_true_whenReferencedAuthIsActive()" classname="com.shyam.ledgercore.engine.SettlementHandlerTest" time="0.0"/>
  <testcase name="isValidSettlement_false_whenNoMatchingAuthorizationExists()" classname="com.shyam.ledgercore.engine.SettlementHandlerTest" time="0.0"/>
  <testcase name="isValidSettlement_false_whenAuthorizationAlreadyReversed()" classname="com.shyam.ledgercore.engine.SettlementHandlerTest" time="0.001"/>
  <testcase name="isValidSettlement_false_whenAuthorizationAlreadySettled()" classname="com.shyam.ledgercore.engine.SettlementHandlerTest" time="0.001"/>
  <system-out><![CDATA[]]></system-out>
  <system-err><![CDATA[]]></system-err>
</testsuite>
