<?xml version="1.0" encoding="UTF-8"?>
<testsuite name="com.shyam.ledgercore.engine.ReversalHandlerTest" tests="3" skipped="0" failures="0" errors="0" timestamp="2026-09-04T09:47:31.726Z" hostname="VIJAY" time="0.005">
  <properties/>
  <testcase name="isValidReversal_true_whenReferencingAnAuthorizationEvent()" classname="com.shyam.ledgercore.engine.ReversalHandlerTest" time="0.0"/>
  <testcase name="isValidReversal_true_whenReferencedEventExists()" classname="com.shyam.ledgercore.engine.ReversalHandlerTest" time="0.0"/>
  <testcase name="isValidReversal_false_whenReferencedEventDoesNotExist()" classname="com.shyam.ledgercore.engine.ReversalHandlerTest" time="0.001"/>
  <system-out><![CDATA[]]></system-out>
  <system-err><![CDATA[]]></system-err>
</testsuite>
